<?xml version="1.0" encoding="UTF-8"?>
<!-- Generated by org.testng.reporters.JUnitReportReporter -->
<testsuite hostname="DESKTOP-92H3KO2" failures="0" tests="2" name="pkg1.TestBucklesLogin" time="13.138" errors="0" timestamp="2024-12-24T18:59:58 IST" skipped="0">
  <testcase classname="pkg1.TestBucklesLogin" name="testCaseLogin" time="10.667"/>
  <system-out/>
  <testcase classname="pkg1.TestBucklesLogin" name="testCaseBadEmail" time="2.471"/>
  <system-out/>
</testsuite> <!-- pkg1.TestBucklesLogin -->
