<?xml version="1.0" encoding="UTF-8"?>
<!-- Generated by org.testng.reporters.JUnitReportReporter -->
<testsuite hostname="DESKTOP-92H3KO2" failures="0" tests="1" name="pkg1.TestBucklesAtc" time="8.618" errors="0" timestamp="2024-12-29T17:23:26 IST" skipped="0">
  <testcase classname="pkg1.TestBucklesAtc" name="testCaseBadAtc" time="8.618"/>
  <system-out/>
</testsuite> <!-- pkg1.TestBucklesAtc -->
