<?xml version="1.0" encoding="UTF-8"?>
<!-- Generated by org.testng.reporters.JUnitReportReporter -->
<testsuite hostname="DESKTOP-92H3KO2" failures="0" tests="1" name="pkg1.TestBucklesWishList" time="21.601" errors="0" timestamp="2025-01-01T09:42:35 IST" skipped="0">
  <testcase classname="pkg1.TestBucklesWishList" name="testCaseAtc" time="21.601"/>
  <system-out/>
</testsuite> <!-- pkg1.TestBucklesWishList -->
